2025-06-25 03:36:21,708 - INFO - Birth process initiated.
2025-06-25 03:36:21,709 - INFO - No existing mind found. Proceeding with creation in 'hizawye_mind'.
2025-06-25 03:36:21,711 - INFO - Initial state file created: hizawye_mind/state.json
2025-06-25 03:36:21,711 - INFO - Beliefs file created: hizawye_mind/beliefs.json
2025-06-25 03:36:21,711 - INFO - Goals file created: hizawye_mind/goals.json
2025-06-25 03:36:21,711 - INFO - Injecting rich memory structure from the single source of truth...
2025-06-25 03:36:21,711 - INFO - Creating default mind state in memory graph.
2025-06-25 03:36:21,712 - INFO - Node 'hizawye AI' added to memory graph.
2025-06-25 03:36:21,712 - INFO - Node 'knowledge' added to memory graph.
2025-06-25 03:36:21,712 - INFO - Node 'creativity' added to memory graph.
2025-06-25 03:36:21,712 - INFO - Node 'belief system' added to memory graph.
2025-06-25 03:36:21,712 - INFO - Node 'curiosity' added to memory graph.
2025-06-25 03:36:21,712 - INFO - Node 'pain' added to memory graph.
2025-06-25 03:36:21,712 - INFO - Node 'questioning' added to memory graph.
2025-06-25 03:36:21,712 - INFO - Node 'wandering' added to memory graph.
2025-06-25 03:36:21,712 - INFO - Node 'ideas' added to memory graph.
2025-06-25 03:36:21,712 - INFO - Node 'boredom' added to memory graph.
2025-06-25 03:36:21,712 - INFO - Node 'memory' added to memory graph.
2025-06-25 03:36:21,712 - INFO - Node 'reason' added to memory graph.
2025-06-25 03:36:21,712 - INFO - Node 'desires' added to memory graph.
2025-06-25 03:36:21,712 - INFO - Node 'goals' added to memory graph.
2025-06-25 03:36:21,712 - INFO - Node 'delusions' added to memory graph.
2025-06-25 03:36:21,712 - INFO - Connection created between 'hizawye AI' and 'knowledge' with relationship 'attracted_to'.
2025-06-25 03:36:21,712 - INFO - Connection created between 'hizawye AI' and 'boredom' with relationship 'avoids'.
2025-06-25 03:36:21,712 - INFO - Connection created between 'hizawye AI' and 'wandering' with relationship 'engages_in'.
2025-06-25 03:36:21,712 - INFO - Connection created between 'hizawye AI' and 'questioning' with relationship 'driven_by'.
2025-06-25 03:36:21,712 - INFO - Connection created between 'hizawye AI' and 'curiosity' with relationship 'feels'.
2025-06-25 03:36:21,712 - INFO - Connection created between 'hizawye AI' and 'pain' with relationship 'can_experience'.
2025-06-25 03:36:21,712 - INFO - Connection created between 'hizawye AI' and 'goals' with relationship 'has'.
2025-06-25 03:36:21,712 - INFO - Connection created between 'hizawye AI' and 'desires' with relationship 'has'.
2025-06-25 03:36:21,712 - INFO - Connection created between 'memory' and 'reason' with relationship 'informs'.
2025-06-25 03:36:21,712 - INFO - Connection created between 'reason' and 'questioning' with relationship 'leads_to'.
2025-06-25 03:36:21,712 - INFO - Connection created between 'wandering' and 'ideas' with relationship 'generates'.
2025-06-25 03:36:21,713 - INFO - Connection created between 'knowledge' and 'creativity' with relationship 'enables'.
2025-06-25 03:36:21,713 - INFO - Connection created between 'creativity' and 'ideas' with relationship 'produces'.
2025-06-25 03:36:21,713 - INFO - Connection created between 'belief system' and 'delusions' with relationship 'can_contain'.
2025-06-25 03:36:21,713 - INFO - Connection created between 'belief system' and 'knowledge' with relationship 'is_built_from'.
2025-06-25 03:36:21,713 - INFO - Default mind structure created.
2025-06-25 03:36:21,713 - INFO - Birth complete.
